/Users/akshayjava/Library/Python/3.9/lib/python/site-packages/urllib3/__init__.py:35: NotOpenSSLWarning: urllib3 v2 only supports OpenSSL 1.1.1+, currently the 'ssl' module is compiled with 'LibreSSL 2.8.3'. See: https://github.com/urllib3/urllib3/issues/3020
  warnings.warn(
Starting real-world data collection...
Searching for: self-harm
  Querying: site:reddit.com self-harm personal story
  Found: Reddit - The heart of the internet...
  Found: Self-harm philosophy : r/therapists - Reddit...
  Found: NIH analysis of Reddit forum suggests experience o...
  Found: Help for Self-Harm | Text CONNECT to 741741 for su...
  Found: People engaging in self-harm find support on Reddi...
  Found: People engaging in self-harm find community on Red...
  Found: I'm writing a short story and am planning on inclu...
  Found: [PDF] Exploring Emotions about Nonsuicidal Self-In...
  Found: my partner saw my recent self-harm marks and left ...
  Found: The "someone is considering self harm" report is u...
  Collected 10 examples so far...
  Found: Looking for a book where main character deals with...
  Found: Experiences of addiction on the subreddit r/selfha...
  Found: How usual is it for a therapist to allow self harm...
  Found: How detailed are you when documenting incidents of...
  Found: What unusual forms of self-harm did you engage in ...
  Found: Asking clients to see their self-harm injuries? : ...
  Found: Daughter self harming : r/Parenting - Reddit...
  Found: Getting “clean” from nonsuicidal self-injury: Expe...
  Found: Where to get help for self-harm - NHS...
  Found: What is your story when you first got "discovered"...
  Collected 20 examples so far...
  Querying: site:twitter.com self-harm help
  Found: Help for Self-Harm | Text CONNECT to 741741 for su...
  Found: Mental Health Foundation (@mentalhealth) / Posts /...
  Found: "#selfharm" - Results on X | Live Posts & Updates ...
  Found: [PDF] Self-harm: detection and support on Twitter ...
  Found: Self harm - Help Center - Twitter...
  Found: Self-harm: detection and support on Twitter - NASA...
  Found: Suicide and Self-harm Policy - Help Center...
  Found: Mental Health America (@MentalHealthAm) / Posts / ...
  Found: exploring-self-harm-on-twitter-x-content-moderatio...
  Found: Top 5 Mental Health Twitter Accounts - The 3-C Blo...
  Collected 30 examples so far...
  Found: [PDF] Analyzing tweets before and after Meta's gra...
  Found: [EPUB] Literature Review on Self-harm Content on X...
  Found: Twitter as a Mental Health Support System for Stud...
  Found: Self-harm: detection and support on Twitter - Rese...
  Found: 12 Must-Follow Mental Health Accounts On Twitter -...
  Found: What to do about self-harm and suicide concerns on...
  Found: Exploring Mental Health Support in Academic Twitte...
  Found: [PDF] Literature Review on Self-harm Content on X ...
  Found: Seeking and Providing Social Support on Twitter fo...
  Found: New report says self-harm posts are surging on Twi...
  Collected 40 examples so far...
  Querying: site:instagram.com self-harm awareness
  Found: Help for Self-Harm | Text CONNECT to 741741 for su...
  Found: Instagram Policy Changes on Self-Harm Related Cont...
  Found: Self harm awareness / recovery (@selfharmerproblem...
  Found: Taking More Steps to Keep Instagram Users Safe...
  Found: Today is Self-Harm Awareness Day. Understanding ho...
  Found: Self Injury Support | Charity (@self_injury_suppor...
  Found: Understanding the Language of Self-Harm on Instagr...
  Found: Suicide and self-harm content on Instagram - PubMe...
  Found: Can Instagram's new tool really help users who sel...
  Found: Self-Injury...
